How many people want to buy this stock: These people's name are: ------------------------------------------
current price of the stock: 57.88
Who want to do the trade: 1.buy the stock / 2.sell the stock / 3.show stock: su, you have 0 stocks and the average price is 0
------------------------------------------
current price of the stock: 56.18
Who want to do the trade: No this person. please enter again
Who want to do the trade: 1.buy the stock / 2.sell the stock / 3.show stock: How many tickets do you want to buy: ------------------------------------------
current price of the stock: 56.45
Who want to do the trade: 1.buy the stock / 2.sell the stock / 3.show stock: wrong choice. please enter again.
1.buy the stock / 2.sell the stock / 3.show stock: wu, you have 10 stocks and the average price is 56.18
------------------------------------------
current price of the stock: 56.21
Who want to do the trade: 1.buy the stock / 2.sell the stock / 3.show stock: How many tickets do you want to sell: ------------------------------------------
current price of the stock: 55.8
Who want to do the trade: 1.buy the stock / 2.sell the stock / 3.show stock: wu, you have 7 stocks and the average price is 56.1671
------------------------------------------
current price of the stock: 54.06
Who want to do the trade: 1.buy the stock / 2.sell the stock / 3.show stock: How many tickets do you want to buy: ------------------------------------------
current price of the stock: 53.36
Who want to do the trade: 1.buy the stock / 2.sell the stock / 3.show stock: How many tickets do you want to buy: ------------------------------------------
current price of the stock: 51.92
trade is not available anymore
Who want to do the trade: 1.buy the stock / 2.sell the stock / 3.show stock: The trade is not available today.
------------------------------------------
current price of the stock: 50.29
trade is not available anymore
Who want to do the trade: 1.buy the stock / 2.sell the stock / 3.show stock: The trade is not available today.
------------------------------------------
current price of the stock: 51.22
trade is not available anymore
Who want to do the trade: 1.buy the stock / 2.sell the stock / 3.show stock: wang, you have 150 stocks and the average price is 53.5933
------------------------------------------
current price of the stock: 51.49
trade is not available anymore
Who want to do the trade: 1.buy the stock / 2.sell the stock / 3.show stock: The trade is not available today.
------------------------------------------
current price of the stock: 52.38
trade is not available anymore
Who want to do the trade: 1.buy the stock / 2.sell the stock / 3.show stock: The trade is not available today.
------------------------------------------
current price of the stock: 50.22
trade is not available anymore
Who want to do the trade: 