::::::::::::::::::::::::::::::::::::::::::::::::::::::::::::::::::::::::::::::::::::::::::::::::::::::::::::::::::::::::::
::::::::::::::::::::::::::::::'######::'########:::'#######::'########:'####:'########:'##:::'##:::::::::::::::::::::::::::
:::::::::::::::::::::::::::::'##... ##: ##.... ##:'##.... ##:... ##..::. ##:: ##.....::. ##:'##::::::::::::::::::::::::::::
::::::::::::::::::::::::::::: ##:::..:: ##:::: ##: ##:::: ##:::: ##::::: ##:: ##::::::::. ####:::::::::::::::::::::::::::::
:::::::::::::::::::::::::::::. ######:: ########:: ##:::: ##:::: ##::::: ##:: ######:::::. ##::::::::::::::::::::::::::::::
::::::::::::::::::::::::::::::..... ##: ##.....::: ##:::: ##:::: ##::::: ##:: ##...::::::: ##::::::::::::::::::::::::::::::
:::::::::::::::::::::::::::::'##::: ##: ##:::::::: ##:::: ##:::: ##::::: ##:: ##:::::::::: ##::::::::::::::::::::::::::::::
:::::::::::::::::::::::::::::. ######:: ##::::::::. #######::::: ##::::'####: ##:::::::::: ##::::::::::::::::::::::::::::::
::::::::::::::::::::::::::::::......:::..::::::::::.......::::::..:::::....::..:::::::::::..:::::::::::::::::::::::::::::::
               __   __                                         __       __         ___                              
   | .   |    /  \ / _`    | |\ |                             /  \ .   /  \ |  | |  |                               
   | .   |___ \__/ \__>    | | \|                             \__X .   \__X \__/ |  |                               
                                                                                                                           
               __   __      __   __        __                  __       __   __   ___      ___  ___          __   ___  __  
 /\  .    /\  |  \ |  \    /__` /  \ |\ | / _`                /  ` .   /  ` |__) |__   /\   |  |__     |  | /__` |__  |__) 
/~~\ .   /~~\ |__/ |__/    .__/ \__/ | \| \__>                \__, .   \__, |  \ |___ /~~\  |  |___    \__/ .__/ |___ |  \ 
                                                                                                                           
 __              __  ___     __   __        __   __                            __  ___          __   ___  __   __          
/__` .   |    | /__`  |     /__` /  \ |\ | / _` /__`          |  | .   |    | /__`  |     |  | /__` |__  |__) /__`         
.__/ .   |___ | .__/  |     .__/ \__/ | \| \__> .__/          \__/ .   |___ | .__/  |     \__/ .__/ |___ |  \ .__/         

>> ADD SONG
Song Name: Artist: Song Length: ::::::::::::::::::::::::::::::::::::::::::::::::::::::::::::::::::::::::::::::::::::::::::::::::::::::::::::::::::::::::::
::::::::::::::::::::::::::::::'######::'########:::'#######::'########:'####:'########:'##:::'##:::::::::::::::::::::::::::
:::::::::::::::::::::::::::::'##... ##: ##.... ##:'##.... ##:... ##..::. ##:: ##.....::. ##:'##::::::::::::::::::::::::::::
::::::::::::::::::::::::::::: ##:::..:: ##:::: ##: ##:::: ##:::: ##::::: ##:: ##::::::::. ####:::::::::::::::::::::::::::::
:::::::::::::::::::::::::::::. ######:: ########:: ##:::: ##:::: ##::::: ##:: ######:::::. ##::::::::::::::::::::::::::::::
::::::::::::::::::::::::::::::..... ##: ##.....::: ##:::: ##:::: ##::::: ##:: ##...::::::: ##::::::::::::::::::::::::::::::
:::::::::::::::::::::::::::::'##::: ##: ##:::::::: ##:::: ##:::: ##::::: ##:: ##:::::::::: ##::::::::::::::::::::::::::::::
:::::::::::::::::::::::::::::. ######:: ##::::::::. #######::::: ##::::'####: ##:::::::::: ##::::::::::::::::::::::::::::::
::::::::::::::::::::::::::::::......:::..::::::::::.......::::::..:::::....::..:::::::::::..:::::::::::::::::::::::::::::::
               __   __                                         __       __         ___                              
   | .   |    /  \ / _`    | |\ |                             /  \ .   /  \ |  | |  |                               
   | .   |___ \__/ \__>    | | \|                             \__X .   \__X \__/ |  |                               
                                                                                                                           
               __   __      __   __        __                  __       __   __   ___      ___  ___          __   ___  __  
 /\  .    /\  |  \ |  \    /__` /  \ |\ | / _`                /  ` .   /  ` |__) |__   /\   |  |__     |  | /__` |__  |__) 
/~~\ .   /~~\ |__/ |__/    .__/ \__/ | \| \__>                \__, .   \__, |  \ |___ /~~\  |  |___    \__/ .__/ |___ |  \ 
                                                                                                                           
 __              __  ___     __   __        __   __                            __  ___          __   ___  __   __          
/__` .   |    | /__`  |     /__` /  \ |\ | / _` /__`          |  | .   |    | /__`  |     |  | /__` |__  |__) /__`         
.__/ .   |___ | .__/  |     .__/ \__/ | \| \__> .__/          \__/ .   |___ | .__/  |     \__/ .__/ |___ |  \ .__/         

>> 12345678901234567890123456789012345
Mutual         Shawn_Mendes   2:28
Pretty         Scott_Helman   2:35
No_Chill       Cheat_Codes    2:48
Run            OneRepublic    2:48
Palm_Springs   Virginia       2:50
Stop           AJ_Mitchell    2:57
Lighthouse     Peder_Elias    3:02
Pink_cheeks    Eldon          3:04
Ditto          NewJeans       3:06
Eyes_Closed    Ed_Sheeran     3:15
Society        Valley         3:41
Breakeven      The_Script     4:21
::::::::::::::::::::::::::::::::::::::::::::::::::::::::::::::::::::::::::::::::::::::::::::::::::::::::::::::::::::::::::
::::::::::::::::::::::::::::::'######::'########:::'#######::'########:'####:'########:'##:::'##:::::::::::::::::::::::::::
:::::::::::::::::::::::::::::'##... ##: ##.... ##:'##.... ##:... ##..::. ##:: ##.....::. ##:'##::::::::::::::::::::::::::::
::::::::::::::::::::::::::::: ##:::..:: ##:::: ##: ##:::: ##:::: ##::::: ##:: ##::::::::. ####:::::::::::::::::::::::::::::
:::::::::::::::::::::::::::::. ######:: ########:: ##:::: ##:::: ##::::: ##:: ######:::::. ##::::::::::::::::::::::::::::::
::::::::::::::::::::::::::::::..... ##: ##.....::: ##:::: ##:::: ##::::: ##:: ##...::::::: ##::::::::::::::::::::::::::::::
:::::::::::::::::::::::::::::'##::: ##: ##:::::::: ##:::: ##:::: ##::::: ##:: ##:::::::::: ##::::::::::::::::::::::::::::::
:::::::::::::::::::::::::::::. ######:: ##::::::::. #######::::: ##::::'####: ##:::::::::: ##::::::::::::::::::::::::::::::
::::::::::::::::::::::::::::::......:::..::::::::::.......::::::..:::::....::..:::::::::::..:::::::::::::::::::::::::::::::
               __   __                                         __       __         ___                              
   | .   |    /  \ / _`    | |\ |                             /  \ .   /  \ |  | |  |                               
   | .   |___ \__/ \__>    | | \|                             \__X .   \__X \__/ |  |                               
                                                                                                                           
               __   __      __   __        __                  __       __   __   ___      ___  ___          __   ___  __  
 /\  .    /\  |  \ |  \    /__` /  \ |\ | / _`                /  ` .   /  ` |__) |__   /\   |  |__     |  | /__` |__  |__) 
/~~\ .   /~~\ |__/ |__/    .__/ \__/ | \| \__>                \__, .   \__, |  \ |___ /~~\  |  |___    \__/ .__/ |___ |  \ 
                                                                                                                           
 __              __  ___     __   __        __   __                            __  ___          __   ___  __   __          
/__` .   |    | /__`  |     /__` /  \ |\ | / _` /__`          |  | .   |    | /__`  |     |  | /__` |__  |__) /__`         
.__/ .   |___ | .__/  |     .__/ \__/ | \| \__> .__/          \__/ .   |___ | .__/  |     \__/ .__/ |___ |  \ .__/         

>> CREATE USER
User Name: User Passwd: ::::::::::::::::::::::::::::::::::::::::::::::::::::::::::::::::::::::::::::::::::::::::::::::::::::::::::::::::::::::::::
::::::::::::::::::::::::::::::'######::'########:::'#######::'########:'####:'########:'##:::'##:::::::::::::::::::::::::::
:::::::::::::::::::::::::::::'##... ##: ##.... ##:'##.... ##:... ##..::. ##:: ##.....::. ##:'##::::::::::::::::::::::::::::
::::::::::::::::::::::::::::: ##:::..:: ##:::: ##: ##:::: ##:::: ##::::: ##:: ##::::::::. ####:::::::::::::::::::::::::::::
:::::::::::::::::::::::::::::. ######:: ########:: ##:::: ##:::: ##::::: ##:: ######:::::. ##::::::::::::::::::::::::::::::
::::::::::::::::::::::::::::::..... ##: ##.....::: ##:::: ##:::: ##::::: ##:: ##...::::::: ##::::::::::::::::::::::::::::::
:::::::::::::::::::::::::::::'##::: ##: ##:::::::: ##:::: ##:::: ##::::: ##:: ##:::::::::: ##::::::::::::::::::::::::::::::
:::::::::::::::::::::::::::::. ######:: ##::::::::. #######::::: ##::::'####: ##:::::::::: ##::::::::::::::::::::::::::::::
::::::::::::::::::::::::::::::......:::..::::::::::.......::::::..:::::....::..:::::::::::..:::::::::::::::::::::::::::::::
               __   __                                         __       __         ___                              
   | .   |    /  \ / _`    | |\ |                             /  \ .   /  \ |  | |  |                               
   | .   |___ \__/ \__>    | | \|                             \__X .   \__X \__/ |  |                               
                                                                                                                           
               __   __      __   __        __                  __       __   __   ___      ___  ___          __   ___  __  
 /\  .    /\  |  \ |  \    /__` /  \ |\ | / _`                /  ` .   /  ` |__) |__   /\   |  |__     |  | /__` |__  |__) 
/~~\ .   /~~\ |__/ |__/    .__/ \__/ | \| \__>                \__, .   \__, |  \ |___ /~~\  |  |___    \__/ .__/ |___ |  \ 
                                                                                                                           
 __              __  ___     __   __        __   __                            __  ___          __   ___  __   __          
/__` .   |    | /__`  |     /__` /  \ |\ | / _` /__`          |  | .   |    | /__`  |     |  | /__` |__  |__) /__`         
.__/ .   |___ | .__/  |     .__/ \__/ | \| \__> .__/          \__/ .   |___ | .__/  |     \__/ .__/ |___ |  \ .__/         

>> CREATE USER
User Name: User Passwd: ::::::::::::::::::::::::::::::::::::::::::::::::::::::::::::::::::::::::::::::::::::::::::::::::::::::::::::::::::::::::::
::::::::::::::::::::::::::::::'######::'########:::'#######::'########:'####:'########:'##:::'##:::::::::::::::::::::::::::
:::::::::::::::::::::::::::::'##... ##: ##.... ##:'##.... ##:... ##..::. ##:: ##.....::. ##:'##::::::::::::::::::::::::::::
::::::::::::::::::::::::::::: ##:::..:: ##:::: ##: ##:::: ##:::: ##::::: ##:: ##::::::::. ####:::::::::::::::::::::::::::::
:::::::::::::::::::::::::::::. ######:: ########:: ##:::: ##:::: ##::::: ##:: ######:::::. ##::::::::::::::::::::::::::::::
::::::::::::::::::::::::::::::..... ##: ##.....::: ##:::: ##:::: ##::::: ##:: ##...::::::: ##::::::::::::::::::::::::::::::
:::::::::::::::::::::::::::::'##::: ##: ##:::::::: ##:::: ##:::: ##::::: ##:: ##:::::::::: ##::::::::::::::::::::::::::::::
:::::::::::::::::::::::::::::. ######:: ##::::::::. #######::::: ##::::'####: ##:::::::::: ##::::::::::::::::::::::::::::::
::::::::::::::::::::::::::::::......:::..::::::::::.......::::::..:::::....::..:::::::::::..:::::::::::::::::::::::::::::::
               __   __                                         __       __         ___                              
   | .   |    /  \ / _`    | |\ |                             /  \ .   /  \ |  | |  |                               
   | .   |___ \__/ \__>    | | \|                             \__X .   \__X \__/ |  |                               
                                                                                                                           
               __   __      __   __        __                  __       __   __   ___      ___  ___          __   ___  __  
 /\  .    /\  |  \ |  \    /__` /  \ |\ | / _`                /  ` .   /  ` |__) |__   /\   |  |__     |  | /__` |__  |__) 
/~~\ .   /~~\ |__/ |__/    .__/ \__/ | \| \__>                \__, .   \__, |  \ |___ /~~\  |  |___    \__/ .__/ |___ |  \ 
                                                                                                                           
 __              __  ___     __   __        __   __                            __  ___          __   ___  __   __          
/__` .   |    | /__`  |     /__` /  \ |\ | / _` /__`          |  | .   |    | /__`  |     |  | /__` |__  |__) /__`         
.__/ .   |___ | .__/  |     .__/ \__/ | \| \__> .__/          \__/ .   |___ | .__/  |     \__/ .__/ |___ |  \ .__/         

>> Amy	Bob	
::::::::::::::::::::::::::::::::::::::::::::::::::::::::::::::::::::::::::::::::::::::::::::::::::::::::::::::::::::::::::
::::::::::::::::::::::::::::::'######::'########:::'#######::'########:'####:'########:'##:::'##:::::::::::::::::::::::::::
:::::::::::::::::::::::::::::'##... ##: ##.... ##:'##.... ##:... ##..::. ##:: ##.....::. ##:'##::::::::::::::::::::::::::::
::::::::::::::::::::::::::::: ##:::..:: ##:::: ##: ##:::: ##:::: ##::::: ##:: ##::::::::. ####:::::::::::::::::::::::::::::
:::::::::::::::::::::::::::::. ######:: ########:: ##:::: ##:::: ##::::: ##:: ######:::::. ##::::::::::::::::::::::::::::::
::::::::::::::::::::::::::::::..... ##: ##.....::: ##:::: ##:::: ##::::: ##:: ##...::::::: ##::::::::::::::::::::::::::::::
:::::::::::::::::::::::::::::'##::: ##: ##:::::::: ##:::: ##:::: ##::::: ##:: ##:::::::::: ##::::::::::::::::::::::::::::::
:::::::::::::::::::::::::::::. ######:: ##::::::::. #######::::: ##::::'####: ##:::::::::: ##::::::::::::::::::::::::::::::
::::::::::::::::::::::::::::::......:::..::::::::::.......::::::..:::::....::..:::::::::::..:::::::::::::::::::::::::::::::
               __   __                                         __       __         ___                              
   | .   |    /  \ / _`    | |\ |                             /  \ .   /  \ |  | |  |                               
   | .   |___ \__/ \__>    | | \|                             \__X .   \__X \__/ |  |                               
                                                                                                                           
               __   __      __   __        __                  __       __   __   ___      ___  ___          __   ___  __  
 /\  .    /\  |  \ |  \    /__` /  \ |\ | / _`                /  ` .   /  ` |__) |__   /\   |  |__     |  | /__` |__  |__) 
/~~\ .   /~~\ |__/ |__/    .__/ \__/ | \| \__>                \__, .   \__, |  \ |___ /~~\  |  |___    \__/ .__/ |___ |  \ 
                                                                                                                           
 __              __  ___     __   __        __   __                            __  ___          __   ___  __   __          
/__` .   |    | /__`  |     /__` /  \ |\ | / _` /__`          |  | .   |    | /__`  |     |  | /__` |__  |__) /__`         
.__/ .   |___ | .__/  |     .__/ \__/ | \| \__> .__/          \__/ .   |___ | .__/  |     \__/ .__/ |___ |  \ .__/         

>> LOG IN
User Name: User Passwd: The User doesn't exist
::::::::::::::::::::::::::::::::::::::::::::::::::::::::::::::::::::::::::::::::::::::::::::::::::::::::::::::::::::::::::
::::::::::::::::::::::::::::::'######::'########:::'#######::'########:'####:'########:'##:::'##:::::::::::::::::::::::::::
:::::::::::::::::::::::::::::'##... ##: ##.... ##:'##.... ##:... ##..::. ##:: ##.....::. ##:'##::::::::::::::::::::::::::::
::::::::::::::::::::::::::::: ##:::..:: ##:::: ##: ##:::: ##:::: ##::::: ##:: ##::::::::. ####:::::::::::::::::::::::::::::
:::::::::::::::::::::::::::::. ######:: ########:: ##:::: ##:::: ##::::: ##:: ######:::::. ##::::::::::::::::::::::::::::::
::::::::::::::::::::::::::::::..... ##: ##.....::: ##:::: ##:::: ##::::: ##:: ##...::::::: ##::::::::::::::::::::::::::::::
:::::::::::::::::::::::::::::'##::: ##: ##:::::::: ##:::: ##:::: ##::::: ##:: ##:::::::::: ##::::::::::::::::::::::::::::::
:::::::::::::::::::::::::::::. ######:: ##::::::::. #######::::: ##::::'####: ##:::::::::: ##::::::::::::::::::::::::::::::
::::::::::::::::::::::::::::::......:::..::::::::::.......::::::..:::::....::..:::::::::::..:::::::::::::::::::::::::::::::
               __   __                                         __       __         ___                              
   | .   |    /  \ / _`    | |\ |                             /  \ .   /  \ |  | |  |                               
   | .   |___ \__/ \__>    | | \|                             \__X .   \__X \__/ |  |                               
                                                                                                                           
               __   __      __   __        __                  __       __   __   ___      ___  ___          __   ___  __  
 /\  .    /\  |  \ |  \    /__` /  \ |\ | / _`                /  ` .   /  ` |__) |__   /\   |  |__     |  | /__` |__  |__) 
/~~\ .   /~~\ |__/ |__/    .__/ \__/ | \| \__>                \__, .   \__, |  \ |___ /~~\  |  |___    \__/ .__/ |___ |  \ 
                                                                                                                           
 __              __  ___     __   __        __   __                            __  ___          __   ___  __   __          
/__` .   |    | /__`  |     /__` /  \ |\ | / _` /__`          |  | .   |    | /__`  |     |  | /__` |__  |__) /__`         
.__/ .   |___ | .__/  |     .__/ \__/ | \| \__> .__/          \__/ .   |___ | .__/  |     \__/ .__/ |___ |  \ .__/         

>> LOG IN
User Name: User Passwd: The Password is wrong
::::::::::::::::::::::::::::::::::::::::::::::::::::::::::::::::::::::::::::::::::::::::::::::::::::::::::::::::::::::::::
::::::::::::::::::::::::::::::'######::'########:::'#######::'########:'####:'########:'##:::'##:::::::::::::::::::::::::::
:::::::::::::::::::::::::::::'##... ##: ##.... ##:'##.... ##:... ##..::. ##:: ##.....::. ##:'##::::::::::::::::::::::::::::
::::::::::::::::::::::::::::: ##:::..:: ##:::: ##: ##:::: ##:::: ##::::: ##:: ##::::::::. ####:::::::::::::::::::::::::::::
:::::::::::::::::::::::::::::. ######:: ########:: ##:::: ##:::: ##::::: ##:: ######:::::. ##::::::::::::::::::::::::::::::
::::::::::::::::::::::::::::::..... ##: ##.....::: ##:::: ##:::: ##::::: ##:: ##...::::::: ##::::::::::::::::::::::::::::::
:::::::::::::::::::::::::::::'##::: ##: ##:::::::: ##:::: ##:::: ##::::: ##:: ##:::::::::: ##::::::::::::::::::::::::::::::
:::::::::::::::::::::::::::::. ######:: ##::::::::. #######::::: ##::::'####: ##:::::::::: ##::::::::::::::::::::::::::::::
::::::::::::::::::::::::::::::......:::..::::::::::.......::::::..:::::....::..:::::::::::..:::::::::::::::::::::::::::::::
               __   __                                         __       __         ___                              
   | .   |    /  \ / _`    | |\ |                             /  \ .   /  \ |  | |  |                               
   | .   |___ \__/ \__>    | | \|                             \__X .   \__X \__/ |  |                               
                                                                                                                           
               __   __      __   __        __                  __       __   __   ___      ___  ___          __   ___  __  
 /\  .    /\  |  \ |  \    /__` /  \ |\ | / _`                /  ` .   /  ` |__) |__   /\   |  |__     |  | /__` |__  |__) 
/~~\ .   /~~\ |__/ |__/    .__/ \__/ | \| \__>                \__, .   \__, |  \ |___ /~~\  |  |___    \__/ .__/ |___ |  \ 
                                                                                                                           
 __              __  ___     __   __        __   __                            __  ___          __   ___  __   __          
/__` .   |    | /__`  |     /__` /  \ |\ | / _` /__`          |  | .   |    | /__`  |     |  | /__` |__  |__) /__`         
.__/ .   |___ | .__/  |     .__/ \__/ | \| \__> .__/          \__/ .   |___ | .__/  |     \__/ .__/ |___ |  \ .__/         

>> LOG IN
User Name: User Passwd: Log In Successfully
Welcome, Amy
::::::::::::::::::::::::::::::::::::::::::::::::::::::::::::::::::::::::::::::::::::::::::::::::::::::::::::::::::::::::::
::::::::::::::::::'##::::'##::'######::'########:'########:::::'########:::::'###:::::'######:::'########:::::::::::::::::
:::::::::::::::::: ##:::: ##:'##... ##: ##.....:: ##.... ##:::: ##.... ##:::'## ##:::'##... ##:: ##.....::::::::::::::::::
:::::::::::::::::: ##:::: ##: ##:::..:: ##::::::: ##:::: ##:::: ##:::: ##::'##:. ##:: ##:::..::: ##:::::::::::::::::::::::
:::::::::::::::::: ##:::: ##:. ######:: ######::: ########::::: ########::'##:::. ##: ##::'####: ######:::::::::::::::::::
:::::::::::::::::: ##:::: ##::..... ##: ##...:::: ##.. ##:::::: ##.....::: #########: ##::: ##:: ##...::::::::::::::::::::
:::::::::::::::::: ##:::: ##:'##::: ##: ##::::::: ##::. ##::::: ##:::::::: ##.... ##: ##::: ##:: ##:::::::::::::::::::::::
::::::::::::::::::. #######::. ######:: ########: ##:::. ##:::: ##:::::::: ##:::: ##:. ######::: ########:::::::::::::::::
:::::::::::::::::::.......::::......:::........::..:::::..:::::..:::::::::..:::::..:::......::::........::::::::::::::::::
 __            __   __         __       ___                                                                               
/  \ .   |    /  \ / _`       /  \ |  |  |                                                                                
\__/ .   |___ \__/ \__>       \__/ \__/  |                                                                                
                                                                                                                          
               __   __             __  ___                                                                                
 /\  .    /\  |  \ |  \    |    | /__`  |                                                                                 
/~~\ .   /~~\ |__/ |__/    |___ | .__/  |                                                                                 
                                                                                                                          
 __       __        __   __   __   ___            __  ___                                                                 
/  ` .   /  ` |__| /  \ /  \ /__` |__     |    | /__`  |                                                                  
\__, .   \__, |  | \__/ \__/ .__/ |___    |___ | .__/  |                                                                  

|| PLAY LIST: ||
>> CHOOSE LIST
list name: List doesn't exist
::::::::::::::::::::::::::::::::::::::::::::::::::::::::::::::::::::::::::::::::::::::::::::::::::::::::::::::::::::::::::
::::::::::::::::::'##::::'##::'######::'########:'########:::::'########:::::'###:::::'######:::'########:::::::::::::::::
:::::::::::::::::: ##:::: ##:'##... ##: ##.....:: ##.... ##:::: ##.... ##:::'## ##:::'##... ##:: ##.....::::::::::::::::::
:::::::::::::::::: ##:::: ##: ##:::..:: ##::::::: ##:::: ##:::: ##:::: ##::'##:. ##:: ##:::..::: ##:::::::::::::::::::::::
:::::::::::::::::: ##:::: ##:. ######:: ######::: ########::::: ########::'##:::. ##: ##::'####: ######:::::::::::::::::::
:::::::::::::::::: ##:::: ##::..... ##: ##...:::: ##.. ##:::::: ##.....::: #########: ##::: ##:: ##...::::::::::::::::::::
:::::::::::::::::: ##:::: ##:'##::: ##: ##::::::: ##::. ##::::: ##:::::::: ##.... ##: ##::: ##:: ##:::::::::::::::::::::::
::::::::::::::::::. #######::. ######:: ########: ##:::. ##:::: ##:::::::: ##:::: ##:. ######::: ########:::::::::::::::::
:::::::::::::::::::.......::::......:::........::..:::::..:::::..:::::::::..:::::..:::......::::........::::::::::::::::::
 __            __   __         __       ___                                                                               
/  \ .   |    /  \ / _`       /  \ |  |  |                                                                                
\__/ .   |___ \__/ \__>       \__/ \__/  |                                                                                
                                                                                                                          
               __   __             __  ___                                                                                
 /\  .    /\  |  \ |  \    |    | /__`  |                                                                                 
/~~\ .   /~~\ |__/ |__/    |___ | .__/  |                                                                                 
                                                                                                                          
 __       __        __   __   __   ___            __  ___                                                                 
/  ` .   /  ` |__| /  \ /  \ /__` |__     |    | /__`  |                                                                  
\__, .   \__, |  | \__/ \__/ .__/ |___    |___ | .__/  |                                                                  

|| PLAY LIST: ||
>> ADD LIST
List Name: ::::::::::::::::::::::::::::::::::::::::::::::::::::::::::::::::::::::::::::::::::::::::::::::::::::::::::::::::::::::::::
::::::::::::::::::'##::::'##::'######::'########:'########:::::'########:::::'###:::::'######:::'########:::::::::::::::::
:::::::::::::::::: ##:::: ##:'##... ##: ##.....:: ##.... ##:::: ##.... ##:::'## ##:::'##... ##:: ##.....::::::::::::::::::
:::::::::::::::::: ##:::: ##: ##:::..:: ##::::::: ##:::: ##:::: ##:::: ##::'##:. ##:: ##:::..::: ##:::::::::::::::::::::::
:::::::::::::::::: ##:::: ##:. ######:: ######::: ########::::: ########::'##:::. ##: ##::'####: ######:::::::::::::::::::
:::::::::::::::::: ##:::: ##::..... ##: ##...:::: ##.. ##:::::: ##.....::: #########: ##::: ##:: ##...::::::::::::::::::::
:::::::::::::::::: ##:::: ##:'##::: ##: ##::::::: ##::. ##::::: ##:::::::: ##.... ##: ##::: ##:: ##:::::::::::::::::::::::
::::::::::::::::::. #######::. ######:: ########: ##:::. ##:::: ##:::::::: ##:::: ##:. ######::: ########:::::::::::::::::
:::::::::::::::::::.......::::......:::........::..:::::..:::::..:::::::::..:::::..:::......::::........::::::::::::::::::
 __            __   __         __       ___                                                                               
/  \ .   |    /  \ / _`       /  \ |  |  |                                                                                
\__/ .   |___ \__/ \__>       \__/ \__/  |                                                                                
                                                                                                                          
               __   __             __  ___                                                                                
 /\  .    /\  |  \ |  \    |    | /__`  |                                                                                 
/~~\ .   /~~\ |__/ |__/    |___ | .__/  |                                                                                 
                                                                                                                          
 __       __        __   __   __   ___            __  ___                                                                 
/  ` .   /  ` |__| /  \ /  \ /__` |__     |    | /__`  |                                                                  
\__, .   \__, |  | \__/ \__/ .__/ |___    |___ | .__/  |                                                                  

|| PLAY LIST: Summer ||
>> ADD LIST
List Name: ::::::::::::::::::::::::::::::::::::::::::::::::::::::::::::::::::::::::::::::::::::::::::::::::::::::::::::::::::::::::::
::::::::::::::::::'##::::'##::'######::'########:'########:::::'########:::::'###:::::'######:::'########:::::::::::::::::
:::::::::::::::::: ##:::: ##:'##... ##: ##.....:: ##.... ##:::: ##.... ##:::'## ##:::'##... ##:: ##.....::::::::::::::::::
:::::::::::::::::: ##:::: ##: ##:::..:: ##::::::: ##:::: ##:::: ##:::: ##::'##:. ##:: ##:::..::: ##:::::::::::::::::::::::
:::::::::::::::::: ##:::: ##:. ######:: ######::: ########::::: ########::'##:::. ##: ##::'####: ######:::::::::::::::::::
:::::::::::::::::: ##:::: ##::..... ##: ##...:::: ##.. ##:::::: ##.....::: #########: ##::: ##:: ##...::::::::::::::::::::
:::::::::::::::::: ##:::: ##:'##::: ##: ##::::::: ##::. ##::::: ##:::::::: ##.... ##: ##::: ##:: ##:::::::::::::::::::::::
::::::::::::::::::. #######::. ######:: ########: ##:::. ##:::: ##:::::::: ##:::: ##:. ######::: ########:::::::::::::::::
:::::::::::::::::::.......::::......:::........::..:::::..:::::..:::::::::..:::::..:::......::::........::::::::::::::::::
 __            __   __         __       ___                                                                               
/  \ .   |    /  \ / _`       /  \ |  |  |                                                                                
\__/ .   |___ \__/ \__>       \__/ \__/  |                                                                                
                                                                                                                          
               __   __             __  ___                                                                                
 /\  .    /\  |  \ |  \    |    | /__`  |                                                                                 
/~~\ .   /~~\ |__/ |__/    |___ | .__/  |                                                                                 
                                                                                                                          
 __       __        __   __   __   ___            __  ___                                                                 
/  ` .   /  ` |__| /  \ /  \ /__` |__     |    | /__`  |                                                                  
\__, .   \__, |  | \__/ \__/ .__/ |___    |___ | .__/  |                                                                  

|| PLAY LIST: Drive Summer ||
>> CHOOSE LIST
list name: :::::::::::::::::::::::::::::::::::::::::::::::::::::::::::::::::::::::::::::::::::::::::::::::::::::::::::::::::::::::::::
::::::::::::::::::::::::'########::'##::::::::::'###::::'##:::'##:'##:::::::'####::'######::'########::::::::::::::::::::::
:::::::::::::::::::::::: ##.... ##: ##:::::::::'## ##:::. ##:'##:: ##:::::::. ##::'##... ##:... ##..:::::::::::::::::::::::
:::::::::::::::::::::::: ##:::: ##: ##::::::::'##:. ##:::. ####::: ##:::::::: ##:: ##:::..::::: ##:::::::::::::::::::::::::
:::::::::::::::::::::::: ########:: ##:::::::'##:::. ##:::. ##:::: ##:::::::: ##::. ######::::: ##:::::::::::::::::::::::::
:::::::::::::::::::::::: ##.....::: ##::::::: #########:::: ##:::: ##:::::::: ##:::..... ##:::: ##:::::::::::::::::::::::::
:::::::::::::::::::::::: ##:::::::: ##::::::: ##.... ##:::: ##:::: ##:::::::: ##::'##::: ##:::: ##:::::::::::::::::::::::::
:::::::::::::::::::::::: ##:::::::: ########: ##:::: ##:::: ##:::: ########:'####:. ######::::: ##:::::::::::::::::::::::::
::::::::::::::::::::::::..:::::::::........::..:::::..:::::..:::::........::....:::......::::::..::::::::::::::::::::::::::
 __       __                                                   
|__) .   |__) |     /\  \ /                                    
|    .   |    |___ /~~\  |                                     
                                                               
               __   __      __   __        __                  
 /\  .    /\  |  \ |  \    /__` /  \ |\ | / _`                 
/~~\ .   /~~\ |__/ |__/    .__/ \__/ | \| \__>                 
                                                               
 __       __   ___        __        ___     __   __        __  
|__) .   |__) |__   |\/| /  \ \  / |__     /__` /  \ |\ | / _` 
|  \ .   |  \ |___  |  | \__/  \/  |___    .__/ \__/ | \| \__> 
                                                               
 __       __   __      __        __                            
|__) .   / _` /  \    |__)  /\  /  ` |__/                      
|__) .   \__> \__/    |__) /~~\ \__, |  \                      

|| SONG IN LIST ||
>> The list is empty.
:::::::::::::::::::::::::::::::::::::::::::::::::::::::::::::::::::::::::::::::::::::::::::::::::::::::::::::::::::::::::::
::::::::::::::::::::::::'########::'##::::::::::'###::::'##:::'##:'##:::::::'####::'######::'########::::::::::::::::::::::
:::::::::::::::::::::::: ##.... ##: ##:::::::::'## ##:::. ##:'##:: ##:::::::. ##::'##... ##:... ##..:::::::::::::::::::::::
:::::::::::::::::::::::: ##:::: ##: ##::::::::'##:. ##:::. ####::: ##:::::::: ##:: ##:::..::::: ##:::::::::::::::::::::::::
:::::::::::::::::::::::: ########:: ##:::::::'##:::. ##:::. ##:::: ##:::::::: ##::. ######::::: ##:::::::::::::::::::::::::
:::::::::::::::::::::::: ##.....::: ##::::::: #########:::: ##:::: ##:::::::: ##:::..... ##:::: ##:::::::::::::::::::::::::
:::::::::::::::::::::::: ##:::::::: ##::::::: ##.... ##:::: ##:::: ##:::::::: ##::'##::: ##:::: ##:::::::::::::::::::::::::
:::::::::::::::::::::::: ##:::::::: ########: ##:::: ##:::: ##:::: ########:'####:. ######::::: ##:::::::::::::::::::::::::
::::::::::::::::::::::::..:::::::::........::..:::::..:::::..:::::........::....:::......::::::..::::::::::::::::::::::::::
 __       __                                                   
|__) .   |__) |     /\  \ /                                    
|    .   |    |___ /~~\  |                                     
                                                               
               __   __      __   __        __                  
 /\  .    /\  |  \ |  \    /__` /  \ |\ | / _`                 
/~~\ .   /~~\ |__/ |__/    .__/ \__/ | \| \__>                 
                                                               
 __       __   ___        __        ___     __   __        __  
|__) .   |__) |__   |\/| /  \ \  / |__     /__` /  \ |\ | / _` 
|  \ .   |  \ |___  |  | \__/  \/  |___    .__/ \__/ | \| \__> 
                                                               
 __       __   __      __        __                            
|__) .   / _` /  \    |__)  /\  /  ` |__/                      
|__) .   \__> \__/    |__) /~~\ \__, |  \                      

|| SONG IN LIST ||
>> ADD SONG
Song Name: :::::::::::::::::::::::::::::::::::::::::::::::::::::::::::::::::::::::::::::::::::::::::::::::::::::::::::::::::::::::::::
::::::::::::::::::::::::'########::'##::::::::::'###::::'##:::'##:'##:::::::'####::'######::'########::::::::::::::::::::::
:::::::::::::::::::::::: ##.... ##: ##:::::::::'## ##:::. ##:'##:: ##:::::::. ##::'##... ##:... ##..:::::::::::::::::::::::
:::::::::::::::::::::::: ##:::: ##: ##::::::::'##:. ##:::. ####::: ##:::::::: ##:: ##:::..::::: ##:::::::::::::::::::::::::
:::::::::::::::::::::::: ########:: ##:::::::'##:::. ##:::. ##:::: ##:::::::: ##::. ######::::: ##:::::::::::::::::::::::::
:::::::::::::::::::::::: ##.....::: ##::::::: #########:::: ##:::: ##:::::::: ##:::..... ##:::: ##:::::::::::::::::::::::::
:::::::::::::::::::::::: ##:::::::: ##::::::: ##.... ##:::: ##:::: ##:::::::: ##::'##::: ##:::: ##:::::::::::::::::::::::::
:::::::::::::::::::::::: ##:::::::: ########: ##:::: ##:::: ##:::: ########:'####:. ######::::: ##:::::::::::::::::::::::::
::::::::::::::::::::::::..:::::::::........::..:::::..:::::..:::::........::....:::......::::::..::::::::::::::::::::::::::
 __       __                                                   
|__) .   |__) |     /\  \ /                                    
|    .   |    |___ /~~\  |                                     
                                                               
               __   __      __   __        __                  
 /\  .    /\  |  \ |  \    /__` /  \ |\ | / _`                 
/~~\ .   /~~\ |__/ |__/    .__/ \__/ | \| \__>                 
                                                               
 __       __   ___        __        ___     __   __        __  
|__) .   |__) |__   |\/| /  \ \  / |__     /__` /  \ |\ | / _` 
|  \ .   |  \ |___  |  | \__/  \/  |___    .__/ \__/ | \| \__> 
                                                               
 __       __   __      __        __                            
|__) .   / _` /  \    |__)  /\  /  ` |__/                      
|__) .   \__> \__/    |__) /~~\ \__, |  \                      

|| SONG IN LIST ||
Run            OneRepublic    2:48
>> ADD SONG
Song Name: :::::::::::::::::::::::::::::::::::::::::::::::::::::::::::::::::::::::::::::::::::::::::::::::::::::::::::::::::::::::::::
::::::::::::::::::::::::'########::'##::::::::::'###::::'##:::'##:'##:::::::'####::'######::'########::::::::::::::::::::::
:::::::::::::::::::::::: ##.... ##: ##:::::::::'## ##:::. ##:'##:: ##:::::::. ##::'##... ##:... ##..:::::::::::::::::::::::
:::::::::::::::::::::::: ##:::: ##: ##::::::::'##:. ##:::. ####::: ##:::::::: ##:: ##:::..::::: ##:::::::::::::::::::::::::
:::::::::::::::::::::::: ########:: ##:::::::'##:::. ##:::. ##:::: ##:::::::: ##::. ######::::: ##:::::::::::::::::::::::::
:::::::::::::::::::::::: ##.....::: ##::::::: #########:::: ##:::: ##:::::::: ##:::..... ##:::: ##:::::::::::::::::::::::::
:::::::::::::::::::::::: ##:::::::: ##::::::: ##.... ##:::: ##:::: ##:::::::: ##::'##::: ##:::: ##:::::::::::::::::::::::::
:::::::::::::::::::::::: ##:::::::: ########: ##:::: ##:::: ##:::: ########:'####:. ######::::: ##:::::::::::::::::::::::::
::::::::::::::::::::::::..:::::::::........::..:::::..:::::..:::::........::....:::......::::::..::::::::::::::::::::::::::
 __       __                                                   
|__) .   |__) |     /\  \ /                                    
|    .   |    |___ /~~\  |                                     
                                                               
               __   __      __   __        __                  
 /\  .    /\  |  \ |  \    /__` /  \ |\ | / _`                 
/~~\ .   /~~\ |__/ |__/    .__/ \__/ | \| \__>                 
                                                               
 __       __   ___        __        ___     __   __        __  
|__) .   |__) |__   |\/| /  \ \  / |__     /__` /  \ |\ | / _` 
|  \ .   |  \ |___  |  | \__/  \/  |___    .__/ \__/ | \| \__> 
                                                               
 __       __   __      __        __                            
|__) .   / _` /  \    |__)  /\  /  ` |__/                      
|__) .   \__> \__/    |__) /~~\ \__, |  \                      

|| SONG IN LIST ||
Run            OneRepublic    2:48
Ditto          NewJeans       3:06
>> ADD SONG
Song Name: Doesn't find the song.
:::::::::::::::::::::::::::::::::::::::::::::::::::::::::::::::::::::::::::::::::::::::::::::::::::::::::::::::::::::::::::
::::::::::::::::::::::::'########::'##::::::::::'###::::'##:::'##:'##:::::::'####::'######::'########::::::::::::::::::::::
:::::::::::::::::::::::: ##.... ##: ##:::::::::'## ##:::. ##:'##:: ##:::::::. ##::'##... ##:... ##..:::::::::::::::::::::::
:::::::::::::::::::::::: ##:::: ##: ##::::::::'##:. ##:::. ####::: ##:::::::: ##:: ##:::..::::: ##:::::::::::::::::::::::::
:::::::::::::::::::::::: ########:: ##:::::::'##:::. ##:::. ##:::: ##:::::::: ##::. ######::::: ##:::::::::::::::::::::::::
:::::::::::::::::::::::: ##.....::: ##::::::: #########:::: ##:::: ##:::::::: ##:::..... ##:::: ##:::::::::::::::::::::::::
:::::::::::::::::::::::: ##:::::::: ##::::::: ##.... ##:::: ##:::: ##:::::::: ##::'##::: ##:::: ##:::::::::::::::::::::::::
:::::::::::::::::::::::: ##:::::::: ########: ##:::: ##:::: ##:::: ########:'####:. ######::::: ##:::::::::::::::::::::::::
::::::::::::::::::::::::..:::::::::........::..:::::..:::::..:::::........::....:::......::::::..::::::::::::::::::::::::::
 __       __                                                   
|__) .   |__) |     /\  \ /                                    
|    .   |    |___ /~~\  |                                     
                                                               
               __   __      __   __        __                  
 /\  .    /\  |  \ |  \    /__` /  \ |\ | / _`                 
/~~\ .   /~~\ |__/ |__/    .__/ \__/ | \| \__>                 
                                                               
 __       __   ___        __        ___     __   __        __  
|__) .   |__) |__   |\/| /  \ \  / |__     /__` /  \ |\ | / _` 
|  \ .   |  \ |___  |  | \__/  \/  |___    .__/ \__/ | \| \__> 
                                                               
 __       __   __      __        __                            
|__) .   / _` /  \    |__)  /\  /  ` |__/                      
|__) .   \__> \__/    |__) /~~\ \__, |  \                      

|| SONG IN LIST ||
Run            OneRepublic    2:48
Ditto          NewJeans       3:06
>> ADD SONG
Song Name: :::::::::::::::::::::::::::::::::::::::::::::::::::::::::::::::::::::::::::::::::::::::::::::::::::::::::::::::::::::::::::
::::::::::::::::::::::::'########::'##::::::::::'###::::'##:::'##:'##:::::::'####::'######::'########::::::::::::::::::::::
:::::::::::::::::::::::: ##.... ##: ##:::::::::'## ##:::. ##:'##:: ##:::::::. ##::'##... ##:... ##..:::::::::::::::::::::::
:::::::::::::::::::::::: ##:::: ##: ##::::::::'##:. ##:::. ####::: ##:::::::: ##:: ##:::..::::: ##:::::::::::::::::::::::::
:::::::::::::::::::::::: ########:: ##:::::::'##:::. ##:::. ##:::: ##:::::::: ##::. ######::::: ##:::::::::::::::::::::::::
:::::::::::::::::::::::: ##.....::: ##::::::: #########:::: ##:::: ##:::::::: ##:::..... ##:::: ##:::::::::::::::::::::::::
:::::::::::::::::::::::: ##:::::::: ##::::::: ##.... ##:::: ##:::: ##:::::::: ##::'##::: ##:::: ##:::::::::::::::::::::::::
:::::::::::::::::::::::: ##:::::::: ########: ##:::: ##:::: ##:::: ########:'####:. ######::::: ##:::::::::::::::::::::::::
::::::::::::::::::::::::..:::::::::........::..:::::..:::::..:::::........::....:::......::::::..::::::::::::::::::::::::::
 __       __                                                   
|__) .   |__) |     /\  \ /                                    
|    .   |    |___ /~~\  |                                     
                                                               
               __   __      __   __        __                  
 /\  .    /\  |  \ |  \    /__` /  \ |\ | / _`                 
/~~\ .   /~~\ |__/ |__/    .__/ \__/ | \| \__>                 
                                                               
 __       __   ___        __        ___     __   __        __  
|__) .   |__) |__   |\/| /  \ \  / |__     /__` /  \ |\ | / _` 
|  \ .   |  \ |___  |  | \__/  \/  |___    .__/ \__/ | \| \__> 
                                                               
 __       __   __      __        __                            
|__) .   / _` /  \    |__)  /\  /  ` |__/                      
|__) .   \__> \__/    |__) /~~\ \__, |  \                      

|| SONG IN LIST ||
No_Chill       Cheat_Codes    2:48
Run            OneRepublic    2:48
Ditto          NewJeans       3:06
>> ADD SONG
Song Name: :::::::::::::::::::::::::::::::::::::::::::::::::::::::::::::::::::::::::::::::::::::::::::::::::::::::::::::::::::::::::::
::::::::::::::::::::::::'########::'##::::::::::'###::::'##:::'##:'##:::::::'####::'######::'########::::::::::::::::::::::
:::::::::::::::::::::::: ##.... ##: ##:::::::::'## ##:::. ##:'##:: ##:::::::. ##::'##... ##:... ##..:::::::::::::::::::::::
:::::::::::::::::::::::: ##:::: ##: ##::::::::'##:. ##:::. ####::: ##:::::::: ##:: ##:::..::::: ##:::::::::::::::::::::::::
:::::::::::::::::::::::: ########:: ##:::::::'##:::. ##:::. ##:::: ##:::::::: ##::. ######::::: ##:::::::::::::::::::::::::
:::::::::::::::::::::::: ##.....::: ##::::::: #########:::: ##:::: ##:::::::: ##:::..... ##:::: ##:::::::::::::::::::::::::
:::::::::::::::::::::::: ##:::::::: ##::::::: ##.... ##:::: ##:::: ##:::::::: ##::'##::: ##:::: ##:::::::::::::::::::::::::
:::::::::::::::::::::::: ##:::::::: ########: ##:::: ##:::: ##:::: ########:'####:. ######::::: ##:::::::::::::::::::::::::
::::::::::::::::::::::::..:::::::::........::..:::::..:::::..:::::........::....:::......::::::..::::::::::::::::::::::::::
 __       __                                                   
|__) .   |__) |     /\  \ /                                    
|    .   |    |___ /~~\  |                                     
                                                               
               __   __      __   __        __                  
 /\  .    /\  |  \ |  \    /__` /  \ |\ | / _`                 
/~~\ .   /~~\ |__/ |__/    .__/ \__/ | \| \__>                 
                                                               
 __       __   ___        __        ___     __   __        __  
|__) .   |__) |__   |\/| /  \ \  / |__     /__` /  \ |\ | / _` 
|  \ .   |  \ |___  |  | \__/  \/  |___    .__/ \__/ | \| \__> 
                                                               
 __       __   __      __        __                            
|__) .   / _` /  \    |__)  /\  /  ` |__/                      
|__) .   \__> \__/    |__) /~~\ \__, |  \                      

|| SONG IN LIST ||
No_Chill       Cheat_Codes    2:48
Run            OneRepublic    2:48
Ditto          NewJeans       3:06
Society        Valley         3:41
>> REMOVE SONG
Song Name: Doesn't find the song.
:::::::::::::::::::::::::::::::::::::::::::::::::::::::::::::::::::::::::::::::::::::::::::::::::::::::::::::::::::::::::::
::::::::::::::::::::::::'########::'##::::::::::'###::::'##:::'##:'##:::::::'####::'######::'########::::::::::::::::::::::
:::::::::::::::::::::::: ##.... ##: ##:::::::::'## ##:::. ##:'##:: ##:::::::. ##::'##... ##:... ##..:::::::::::::::::::::::
:::::::::::::::::::::::: ##:::: ##: ##::::::::'##:. ##:::. ####::: ##:::::::: ##:: ##:::..::::: ##:::::::::::::::::::::::::
:::::::::::::::::::::::: ########:: ##:::::::'##:::. ##:::. ##:::: ##:::::::: ##::. ######::::: ##:::::::::::::::::::::::::
:::::::::::::::::::::::: ##.....::: ##::::::: #########:::: ##:::: ##:::::::: ##:::..... ##:::: ##:::::::::::::::::::::::::
:::::::::::::::::::::::: ##:::::::: ##::::::: ##.... ##:::: ##:::: ##:::::::: ##::'##::: ##:::: ##:::::::::::::::::::::::::
:::::::::::::::::::::::: ##:::::::: ########: ##:::: ##:::: ##:::: ########:'####:. ######::::: ##:::::::::::::::::::::::::
::::::::::::::::::::::::..:::::::::........::..:::::..:::::..:::::........::....:::......::::::..::::::::::::::::::::::::::
 __       __                                                   
|__) .   |__) |     /\  \ /                                    
|    .   |    |___ /~~\  |                                     
                                                               
               __   __      __   __        __                  
 /\  .    /\  |  \ |  \    /__` /  \ |\ | / _`                 
/~~\ .   /~~\ |__/ |__/    .__/ \__/ | \| \__>                 
                                                               
 __       __   ___        __        ___     __   __        __  
|__) .   |__) |__   |\/| /  \ \  / |__     /__` /  \ |\ | / _` 
|  \ .   |  \ |___  |  | \__/  \/  |___    .__/ \__/ | \| \__> 
                                                               
 __       __   __      __        __                            
|__) .   / _` /  \    |__)  /\  /  ` |__/                      
|__) .   \__> \__/    |__) /~~\ \__, |  \                      

|| SONG IN LIST ||
No_Chill       Cheat_Codes    2:48
Run            OneRepublic    2:48
Ditto          NewJeans       3:06
Society        Valley         3:41
>> REMOVE SONG
Song Name: :::::::::::::::::::::::::::::::::::::::::::::::::::::::::::::::::::::::::::::::::::::::::::::::::::::::::::::::::::::::::::
::::::::::::::::::::::::'########::'##::::::::::'###::::'##:::'##:'##:::::::'####::'######::'########::::::::::::::::::::::
:::::::::::::::::::::::: ##.... ##: ##:::::::::'## ##:::. ##:'##:: ##:::::::. ##::'##... ##:... ##..:::::::::::::::::::::::
:::::::::::::::::::::::: ##:::: ##: ##::::::::'##:. ##:::. ####::: ##:::::::: ##:: ##:::..::::: ##:::::::::::::::::::::::::
:::::::::::::::::::::::: ########:: ##:::::::'##:::. ##:::. ##:::: ##:::::::: ##::. ######::::: ##:::::::::::::::::::::::::
:::::::::::::::::::::::: ##.....::: ##::::::: #########:::: ##:::: ##:::::::: ##:::..... ##:::: ##:::::::::::::::::::::::::
:::::::::::::::::::::::: ##:::::::: ##::::::: ##.... ##:::: ##:::: ##:::::::: ##::'##::: ##:::: ##:::::::::::::::::::::::::
:::::::::::::::::::::::: ##:::::::: ########: ##:::: ##:::: ##:::: ########:'####:. ######::::: ##:::::::::::::::::::::::::
::::::::::::::::::::::::..:::::::::........::..:::::..:::::..:::::........::....:::......::::::..::::::::::::::::::::::::::
 __       __                                                   
|__) .   |__) |     /\  \ /                                    
|    .   |    |___ /~~\  |                                     
                                                               
               __   __      __   __        __                  
 /\  .    /\  |  \ |  \    /__` /  \ |\ | / _`                 
/~~\ .   /~~\ |__/ |__/    .__/ \__/ | \| \__>                 
                                                               
 __       __   ___        __        ___     __   __        __  
|__) .   |__) |__   |\/| /  \ \  / |__     /__` /  \ |\ | / _` 
|  \ .   |  \ |___  |  | \__/  \/  |___    .__/ \__/ | \| \__> 
                                                               
 __       __   __      __        __                            
|__) .   / _` /  \    |__)  /\  /  ` |__/                      
|__) .   \__> \__/    |__) /~~\ \__, |  \                      

|| SONG IN LIST ||
No_Chill       Cheat_Codes    2:48
Ditto          NewJeans       3:06
Society        Valley         3:41
>> :::::::::::::::::::::::::::::::::::::::::::::::::::::::::::::::::::::::::::::::::::::::::::::::::::::::::::::::::::::::::::
:::::::::::::::::::'##::::'##:'##::::'##::'######::'####::'######::::'########:'####:'##::::'##:'########::::::::::::::::::
::::::::::::::::::: ###::'###: ##:::: ##:'##... ##:. ##::'##... ##:::... ##..::. ##:: ###::'###: ##.....:::::::::::::::::::
::::::::::::::::::: ####'####: ##:::: ##: ##:::..::: ##:: ##:::..::::::: ##::::: ##:: ####'####: ##::::::::::::::::::::::::
::::::::::::::::::: ## ### ##: ##:::: ##:. ######::: ##:: ##:::::::::::: ##::::: ##:: ## ### ##: ######::::::::::::::::::::
::::::::::::::::::: ##. #: ##: ##:::: ##::..... ##:: ##:: ##:::::::::::: ##::::: ##:: ##. #: ##: ##...:::::::::::::::::::::
::::::::::::::::::: ##:.:: ##: ##:::: ##:'##::: ##:: ##:: ##::: ##:::::: ##::::: ##:: ##:.:: ##: ##::::::::::::::::::::::::
::::::::::::::::::: ##:::: ##:. #######::. ######::'####:. ######::::::: ##::::'####: ##:::: ##: ########::::::::::::::::::
:::::::::::::::::::..:::::..:::.......::::......:::....:::......::::::::..:::::....::..:::::..::........:::::::::::::::::::
               ___     ___     __   __        __
|\ | .   |\ | |__  \_/  |     /__` /  \ |\ | / _`   
| \| .   | \| |___ / \  |     .__/ \__/ | \| \__>   
                                                    
 __       __   __   ___          __   __        __  
|__) .   |__) |__) |__  \  /    /__` /  \ |\ | / _` 
|    .   |    |  \ |___  \/     .__/ \__/ | \| \__> 
                                                    
 __       __   __      __        __                 
|__) .   / _` /  \    |__)  /\  /  ` |__/           
|__) .   \__> \__/    |__) /~~\ \__, |  \           

//// SONG INFO ////
Name: No_Chill
Artist: Cheat_Codes
Length: 2:48
//// SONG INFO ////
>> :::::::::::::::::::::::::::::::::::::::::::::::::::::::::::::::::::::::::::::::::::::::::::::::::::::::::::::::::::::::::::
:::::::::::::::::::'##::::'##:'##::::'##::'######::'####::'######::::'########:'####:'##::::'##:'########::::::::::::::::::
::::::::::::::::::: ###::'###: ##:::: ##:'##... ##:. ##::'##... ##:::... ##..::. ##:: ###::'###: ##.....:::::::::::::::::::
::::::::::::::::::: ####'####: ##:::: ##: ##:::..::: ##:: ##:::..::::::: ##::::: ##:: ####'####: ##::::::::::::::::::::::::
::::::::::::::::::: ## ### ##: ##:::: ##:. ######::: ##:: ##:::::::::::: ##::::: ##:: ## ### ##: ######::::::::::::::::::::
::::::::::::::::::: ##. #: ##: ##:::: ##::..... ##:: ##:: ##:::::::::::: ##::::: ##:: ##. #: ##: ##...:::::::::::::::::::::
::::::::::::::::::: ##:.:: ##: ##:::: ##:'##::: ##:: ##:: ##::: ##:::::: ##::::: ##:: ##:.:: ##: ##::::::::::::::::::::::::
::::::::::::::::::: ##:::: ##:. #######::. ######::'####:. ######::::::: ##::::'####: ##:::: ##: ########::::::::::::::::::
:::::::::::::::::::..:::::..:::.......::::......:::....:::......::::::::..:::::....::..:::::..::........:::::::::::::::::::
               ___     ___     __   __        __
|\ | .   |\ | |__  \_/  |     /__` /  \ |\ | / _`   
| \| .   | \| |___ / \  |     .__/ \__/ | \| \__>   
                                                    
 __       __   __   ___          __   __        __  
|__) .   |__) |__) |__  \  /    /__` /  \ |\ | / _` 
|    .   |    |  \ |___  \/     .__/ \__/ | \| \__> 
                                                    
 __       __   __      __        __                 
|__) .   / _` /  \    |__)  /\  /  ` |__/           
|__) .   \__> \__/    |__) /~~\ \__, |  \           

//// SONG INFO ////
Name: Ditto
Artist: NewJeans
Length: 3:06
//// SONG INFO ////
>> :::::::::::::::::::::::::::::::::::::::::::::::::::::::::::::::::::::::::::::::::::::::::::::::::::::::::::::::::::::::::::
:::::::::::::::::::'##::::'##:'##::::'##::'######::'####::'######::::'########:'####:'##::::'##:'########::::::::::::::::::
::::::::::::::::::: ###::'###: ##:::: ##:'##... ##:. ##::'##... ##:::... ##..::. ##:: ###::'###: ##.....:::::::::::::::::::
::::::::::::::::::: ####'####: ##:::: ##: ##:::..::: ##:: ##:::..::::::: ##::::: ##:: ####'####: ##::::::::::::::::::::::::
::::::::::::::::::: ## ### ##: ##:::: ##:. ######::: ##:: ##:::::::::::: ##::::: ##:: ## ### ##: ######::::::::::::::::::::
::::::::::::::::::: ##. #: ##: ##:::: ##::..... ##:: ##:: ##:::::::::::: ##::::: ##:: ##. #: ##: ##...:::::::::::::::::::::
::::::::::::::::::: ##:.:: ##: ##:::: ##:'##::: ##:: ##:: ##::: ##:::::: ##::::: ##:: ##:.:: ##: ##::::::::::::::::::::::::
::::::::::::::::::: ##:::: ##:. #######::. ######::'####:. ######::::::: ##::::'####: ##:::: ##: ########::::::::::::::::::
:::::::::::::::::::..:::::..:::.......::::......:::....:::......::::::::..:::::....::..:::::..::........:::::::::::::::::::
               ___     ___     __   __        __
|\ | .   |\ | |__  \_/  |     /__` /  \ |\ | / _`   
| \| .   | \| |___ / \  |     .__/ \__/ | \| \__>   
                                                    
 __       __   __   ___          __   __        __  
|__) .   |__) |__) |__  \  /    /__` /  \ |\ | / _` 
|    .   |    |  \ |___  \/     .__/ \__/ | \| \__> 
                                                    
 __       __   __      __        __                 
|__) .   / _` /  \    |__)  /\  /  ` |__/           
|__) .   \__> \__/    |__) /~~\ \__, |  \           

//// SONG INFO ////
Name: Society
Artist: Valley
Length: 3:41
//// SONG INFO ////
>> :::::::::::::::::::::::::::::::::::::::::::::::::::::::::::::::::::::::::::::::::::::::::::::::::::::::::::::::::::::::::::
:::::::::::::::::::'##::::'##:'##::::'##::'######::'####::'######::::'########:'####:'##::::'##:'########::::::::::::::::::
::::::::::::::::::: ###::'###: ##:::: ##:'##... ##:. ##::'##... ##:::... ##..::. ##:: ###::'###: ##.....:::::::::::::::::::
::::::::::::::::::: ####'####: ##:::: ##: ##:::..::: ##:: ##:::..::::::: ##::::: ##:: ####'####: ##::::::::::::::::::::::::
::::::::::::::::::: ## ### ##: ##:::: ##:. ######::: ##:: ##:::::::::::: ##::::: ##:: ## ### ##: ######::::::::::::::::::::
::::::::::::::::::: ##. #: ##: ##:::: ##::..... ##:: ##:: ##:::::::::::: ##::::: ##:: ##. #: ##: ##...:::::::::::::::::::::
::::::::::::::::::: ##:.:: ##: ##:::: ##:'##::: ##:: ##:: ##::: ##:::::: ##::::: ##:: ##:.:: ##: ##::::::::::::::::::::::::
::::::::::::::::::: ##:::: ##:. #######::. ######::'####:. ######::::::: ##::::'####: ##:::: ##: ########::::::::::::::::::
:::::::::::::::::::..:::::..:::.......::::......:::....:::......::::::::..:::::....::..:::::..::........:::::::::::::::::::
               ___     ___     __   __        __
|\ | .   |\ | |__  \_/  |     /__` /  \ |\ | / _`   
| \| .   | \| |___ / \  |     .__/ \__/ | \| \__>   
                                                    
 __       __   __   ___          __   __        __  
|__) .   |__) |__) |__  \  /    /__` /  \ |\ | / _` 
|    .   |    |  \ |___  \/     .__/ \__/ | \| \__> 
                                                    
 __       __   __      __        __                 
|__) .   / _` /  \    |__)  /\  /  ` |__/           
|__) .   \__> \__/    |__) /~~\ \__, |  \           

//// SONG INFO ////
Name: No_Chill
Artist: Cheat_Codes
Length: 2:48
//// SONG INFO ////
>> :::::::::::::::::::::::::::::::::::::::::::::::::::::::::::::::::::::::::::::::::::::::::::::::::::::::::::::::::::::::::::
:::::::::::::::::::'##::::'##:'##::::'##::'######::'####::'######::::'########:'####:'##::::'##:'########::::::::::::::::::
::::::::::::::::::: ###::'###: ##:::: ##:'##... ##:. ##::'##... ##:::... ##..::. ##:: ###::'###: ##.....:::::::::::::::::::
::::::::::::::::::: ####'####: ##:::: ##: ##:::..::: ##:: ##:::..::::::: ##::::: ##:: ####'####: ##::::::::::::::::::::::::
::::::::::::::::::: ## ### ##: ##:::: ##:. ######::: ##:: ##:::::::::::: ##::::: ##:: ## ### ##: ######::::::::::::::::::::
::::::::::::::::::: ##. #: ##: ##:::: ##::..... ##:: ##:: ##:::::::::::: ##::::: ##:: ##. #: ##: ##...:::::::::::::::::::::
::::::::::::::::::: ##:.:: ##: ##:::: ##:'##::: ##:: ##:: ##::: ##:::::: ##::::: ##:: ##:.:: ##: ##::::::::::::::::::::::::
::::::::::::::::::: ##:::: ##:. #######::. ######::'####:. ######::::::: ##::::'####: ##:::: ##: ########::::::::::::::::::
:::::::::::::::::::..:::::..:::.......::::......:::....:::......::::::::..:::::....::..:::::..::........:::::::::::::::::::
               ___     ___     __   __        __
|\ | .   |\ | |__  \_/  |     /__` /  \ |\ | / _`   
| \| .   | \| |___ / \  |     .__/ \__/ | \| \__>   
                                                    
 __       __   __   ___          __   __        __  
|__) .   |__) |__) |__  \  /    /__` /  \ |\ | / _` 
|    .   |    |  \ |___  \/     .__/ \__/ | \| \__> 
                                                    
 __       __   __      __        __                 
|__) .   / _` /  \    |__)  /\  /  ` |__/           
|__) .   \__> \__/    |__) /~~\ \__, |  \           

//// SONG INFO ////
Name: Society
Artist: Valley
Length: 3:41
//// SONG INFO ////
>> :::::::::::::::::::::::::::::::::::::::::::::::::::::::::::::::::::::::::::::::::::::::::::::::::::::::::::::::::::::::::::
::::::::::::::::::::::::'########::'##::::::::::'###::::'##:::'##:'##:::::::'####::'######::'########::::::::::::::::::::::
:::::::::::::::::::::::: ##.... ##: ##:::::::::'## ##:::. ##:'##:: ##:::::::. ##::'##... ##:... ##..:::::::::::::::::::::::
:::::::::::::::::::::::: ##:::: ##: ##::::::::'##:. ##:::. ####::: ##:::::::: ##:: ##:::..::::: ##:::::::::::::::::::::::::
:::::::::::::::::::::::: ########:: ##:::::::'##:::. ##:::. ##:::: ##:::::::: ##::. ######::::: ##:::::::::::::::::::::::::
:::::::::::::::::::::::: ##.....::: ##::::::: #########:::: ##:::: ##:::::::: ##:::..... ##:::: ##:::::::::::::::::::::::::
:::::::::::::::::::::::: ##:::::::: ##::::::: ##.... ##:::: ##:::: ##:::::::: ##::'##::: ##:::: ##:::::::::::::::::::::::::
:::::::::::::::::::::::: ##:::::::: ########: ##:::: ##:::: ##:::: ########:'####:. ######::::: ##:::::::::::::::::::::::::
::::::::::::::::::::::::..:::::::::........::..:::::..:::::..:::::........::....:::......::::::..::::::::::::::::::::::::::
 __       __                                                   
|__) .   |__) |     /\  \ /                                    
|    .   |    |___ /~~\  |                                     
                                                               
               __   __      __   __        __                  
 /\  .    /\  |  \ |  \    /__` /  \ |\ | / _`                 
/~~\ .   /~~\ |__/ |__/    .__/ \__/ | \| \__>                 
                                                               
 __       __   ___        __        ___     __   __        __  
|__) .   |__) |__   |\/| /  \ \  / |__     /__` /  \ |\ | / _` 
|  \ .   |  \ |___  |  | \__/  \/  |___    .__/ \__/ | \| \__> 
                                                               
 __       __   __      __        __                            
|__) .   / _` /  \    |__)  /\  /  ` |__/                      
|__) .   \__> \__/    |__) /~~\ \__, |  \                      

|| SONG IN LIST ||
No_Chill       Cheat_Codes    2:48
Ditto          NewJeans       3:06
Society        Valley         3:41
>> ::::::::::::::::::::::::::::::::::::::::::::::::::::::::::::::::::::::::::::::::::::::::::::::::::::::::::::::::::::::::::
::::::::::::::::::'##::::'##::'######::'########:'########:::::'########:::::'###:::::'######:::'########:::::::::::::::::
:::::::::::::::::: ##:::: ##:'##... ##: ##.....:: ##.... ##:::: ##.... ##:::'## ##:::'##... ##:: ##.....::::::::::::::::::
:::::::::::::::::: ##:::: ##: ##:::..:: ##::::::: ##:::: ##:::: ##:::: ##::'##:. ##:: ##:::..::: ##:::::::::::::::::::::::
:::::::::::::::::: ##:::: ##:. ######:: ######::: ########::::: ########::'##:::. ##: ##::'####: ######:::::::::::::::::::
:::::::::::::::::: ##:::: ##::..... ##: ##...:::: ##.. ##:::::: ##.....::: #########: ##::: ##:: ##...::::::::::::::::::::
:::::::::::::::::: ##:::: ##:'##::: ##: ##::::::: ##::. ##::::: ##:::::::: ##.... ##: ##::: ##:: ##:::::::::::::::::::::::
::::::::::::::::::. #######::. ######:: ########: ##:::. ##:::: ##:::::::: ##:::: ##:. ######::: ########:::::::::::::::::
:::::::::::::::::::.......::::......:::........::..:::::..:::::..:::::::::..:::::..:::......::::........::::::::::::::::::
 __            __   __         __       ___                                                                               
/  \ .   |    /  \ / _`       /  \ |  |  |                                                                                
\__/ .   |___ \__/ \__>       \__/ \__/  |                                                                                
                                                                                                                          
               __   __             __  ___                                                                                
 /\  .    /\  |  \ |  \    |    | /__`  |                                                                                 
/~~\ .   /~~\ |__/ |__/    |___ | .__/  |                                                                                 
                                                                                                                          
 __       __        __   __   __   ___            __  ___                                                                 
/  ` .   /  ` |__| /  \ /  \ /__` |__     |    | /__`  |                                                                  
\__, .   \__, |  | \__/ \__/ .__/ |___    |___ | .__/  |                                                                  

|| PLAY LIST: Drive Summer ||
>> LOG OUT
Are You Sure to Log Out? (y/n) ::::::::::::::::::::::::::::::::::::::::::::::::::::::::::::::::::::::::::::::::::::::::::::::::::::::::::::::::::::::::::
::::::::::::::::::'##::::'##::'######::'########:'########:::::'########:::::'###:::::'######:::'########:::::::::::::::::
:::::::::::::::::: ##:::: ##:'##... ##: ##.....:: ##.... ##:::: ##.... ##:::'## ##:::'##... ##:: ##.....::::::::::::::::::
:::::::::::::::::: ##:::: ##: ##:::..:: ##::::::: ##:::: ##:::: ##:::: ##::'##:. ##:: ##:::..::: ##:::::::::::::::::::::::
:::::::::::::::::: ##:::: ##:. ######:: ######::: ########::::: ########::'##:::. ##: ##::'####: ######:::::::::::::::::::
:::::::::::::::::: ##:::: ##::..... ##: ##...:::: ##.. ##:::::: ##.....::: #########: ##::: ##:: ##...::::::::::::::::::::
:::::::::::::::::: ##:::: ##:'##::: ##: ##::::::: ##::. ##::::: ##:::::::: ##.... ##: ##::: ##:: ##:::::::::::::::::::::::
::::::::::::::::::. #######::. ######:: ########: ##:::. ##:::: ##:::::::: ##:::: ##:. ######::: ########:::::::::::::::::
:::::::::::::::::::.......::::......:::........::..:::::..:::::..:::::::::..:::::..:::......::::........::::::::::::::::::
 __            __   __         __       ___                                                                               
/  \ .   |    /  \ / _`       /  \ |  |  |                                                                                
\__/ .   |___ \__/ \__>       \__/ \__/  |                                                                                
                                                                                                                          
               __   __             __  ___                                                                                
 /\  .    /\  |  \ |  \    |    | /__`  |                                                                                 
/~~\ .   /~~\ |__/ |__/    |___ | .__/  |                                                                                 
                                                                                                                          
 __       __        __   __   __   ___            __  ___                                                                 
/  ` .   /  ` |__| /  \ /  \ /__` |__     |    | /__`  |                                                                  
\__, .   \__, |  | \__/ \__/ .__/ |___    |___ | .__/  |                                                                  

|| PLAY LIST: Drive Summer ||
>> LOG OUT
Are You Sure to Log Out? (y/n) Log Out Successfully
::::::::::::::::::::::::::::::::::::::::::::::::::::::::::::::::::::::::::::::::::::::::::::::::::::::::::::::::::::::::::
::::::::::::::::::::::::::::::'######::'########:::'#######::'########:'####:'########:'##:::'##:::::::::::::::::::::::::::
:::::::::::::::::::::::::::::'##... ##: ##.... ##:'##.... ##:... ##..::. ##:: ##.....::. ##:'##::::::::::::::::::::::::::::
::::::::::::::::::::::::::::: ##:::..:: ##:::: ##: ##:::: ##:::: ##::::: ##:: ##::::::::. ####:::::::::::::::::::::::::::::
:::::::::::::::::::::::::::::. ######:: ########:: ##:::: ##:::: ##::::: ##:: ######:::::. ##::::::::::::::::::::::::::::::
::::::::::::::::::::::::::::::..... ##: ##.....::: ##:::: ##:::: ##::::: ##:: ##...::::::: ##::::::::::::::::::::::::::::::
:::::::::::::::::::::::::::::'##::: ##: ##:::::::: ##:::: ##:::: ##::::: ##:: ##:::::::::: ##::::::::::::::::::::::::::::::
:::::::::::::::::::::::::::::. ######:: ##::::::::. #######::::: ##::::'####: ##:::::::::: ##::::::::::::::::::::::::::::::
::::::::::::::::::::::::::::::......:::..::::::::::.......::::::..:::::....::..:::::::::::..:::::::::::::::::::::::::::::::
               __   __                                         __       __         ___                              
   | .   |    /  \ / _`    | |\ |                             /  \ .   /  \ |  | |  |                               
   | .   |___ \__/ \__>    | | \|                             \__X .   \__X \__/ |  |                               
                                                                                                                           
               __   __      __   __        __                  __       __   __   ___      ___  ___          __   ___  __  
 /\  .    /\  |  \ |  \    /__` /  \ |\ | / _`                /  ` .   /  ` |__) |__   /\   |  |__     |  | /__` |__  |__) 
/~~\ .   /~~\ |__/ |__/    .__/ \__/ | \| \__>                \__, .   \__, |  \ |___ /~~\  |  |___    \__/ .__/ |___ |  \ 
                                                                                                                           
 __              __  ___     __   __        __   __                            __  ___          __   ___  __   __          
/__` .   |    | /__`  |     /__` /  \ |\ | / _` /__`          |  | .   |    | /__`  |     |  | /__` |__  |__) /__`         
.__/ .   |___ | .__/  |     .__/ \__/ | \| \__> .__/          \__/ .   |___ | .__/  |     \__/ .__/ |___ |  \ .__/         

>> CREATE USER
User Name: User Passwd: User already exists.
::::::::::::::::::::::::::::::::::::::::::::::::::::::::::::::::::::::::::::::::::::::::::::::::::::::::::::::::::::::::::
::::::::::::::::::::::::::::::'######::'########:::'#######::'########:'####:'########:'##:::'##:::::::::::::::::::::::::::
:::::::::::::::::::::::::::::'##... ##: ##.... ##:'##.... ##:... ##..::. ##:: ##.....::. ##:'##::::::::::::::::::::::::::::
::::::::::::::::::::::::::::: ##:::..:: ##:::: ##: ##:::: ##:::: ##::::: ##:: ##::::::::. ####:::::::::::::::::::::::::::::
:::::::::::::::::::::::::::::. ######:: ########:: ##:::: ##:::: ##::::: ##:: ######:::::. ##::::::::::::::::::::::::::::::
::::::::::::::::::::::::::::::..... ##: ##.....::: ##:::: ##:::: ##::::: ##:: ##...::::::: ##::::::::::::::::::::::::::::::
:::::::::::::::::::::::::::::'##::: ##: ##:::::::: ##:::: ##:::: ##::::: ##:: ##:::::::::: ##::::::::::::::::::::::::::::::
:::::::::::::::::::::::::::::. ######:: ##::::::::. #######::::: ##::::'####: ##:::::::::: ##::::::::::::::::::::::::::::::
::::::::::::::::::::::::::::::......:::..::::::::::.......::::::..:::::....::..:::::::::::..:::::::::::::::::::::::::::::::
               __   __                                         __       __         ___                              
   | .   |    /  \ / _`    | |\ |                             /  \ .   /  \ |  | |  |                               
   | .   |___ \__/ \__>    | | \|                             \__X .   \__X \__/ |  |                               
                                                                                                                           
               __   __      __   __        __                  __       __   __   ___      ___  ___          __   ___  __  
 /\  .    /\  |  \ |  \    /__` /  \ |\ | / _`                /  ` .   /  ` |__) |__   /\   |  |__     |  | /__` |__  |__) 
/~~\ .   /~~\ |__/ |__/    .__/ \__/ | \| \__>                \__, .   \__, |  \ |___ /~~\  |  |___    \__/ .__/ |___ |  \ 
                                                                                                                           
 __              __  ___     __   __        __   __                            __  ___          __   ___  __   __          
/__` .   |    | /__`  |     /__` /  \ |\ | / _` /__`          |  | .   |    | /__`  |     |  | /__` |__  |__) /__`         
.__/ .   |___ | .__/  |     .__/ \__/ | \| \__> .__/          \__/ .   |___ | .__/  |     \__/ .__/ |___ |  \ .__/         

>> 